<?xml version="1.0" encoding="UTF-8"?>
<!-- Generated by org.testng.reporters.JUnitReportReporter -->
<testsuite hostname="DESKTOP-L6OGJNQ" failures="0" tests="16" name="TestCases.AvoinSchoolTest" time="642.414" errors="0" timestamp="2025-04-03T14:46:32 IST" skipped="0">
  <testcase classname="TestCases.AvoinSchoolTest" name="deleteenrollment" time="33.747"/>
  <testcase classname="TestCases.AvoinSchoolTest" name="coursepageverify" time="24.249"/>
  <testcase classname="TestCases.AvoinSchoolTest" name="deleteenrollment" time="33.616"/>
  <testcase classname="TestCases.AvoinSchoolTest" name="dashboardverify" time="21.434"/>
  <testcase classname="TestCases.AvoinSchoolTest" name="createcategory" time="42.923"/>
  <testcase classname="TestCases.AvoinSchoolTest" name="DeletingStudentusingemailid" time="61.888"/>
  <testcase classname="TestCases.AvoinSchoolTest" name="Admin_Enroll_course" time="29.648"/>
  <testcase classname="TestCases.AvoinSchoolTest" name="createcategory" time="40.818"/>
  <testcase classname="TestCases.AvoinSchoolTest" name="AdminMessaging" time="49.405"/>
  <testcase classname="TestCases.AvoinSchoolTest" name="dashboardverify" time="21.786"/>
  <testcase classname="TestCases.AvoinSchoolTest" name="deleting_student" time="60.102"/>
  <testcase classname="TestCases.AvoinSchoolTest" name="deleting_student" time="57.939"/>
  <testcase classname="TestCases.AvoinSchoolTest" name="Admin_Enroll_course" time="30.762"/>
  <testcase classname="TestCases.AvoinSchoolTest" name="DeletingStudentusingemailid" time="59.323"/>
  <testcase classname="TestCases.AvoinSchoolTest" name="coursepageverify" time="22.586"/>
  <testcase classname="TestCases.AvoinSchoolTest" name="AdminMessaging" time="52.188"/>
</testsuite> <!-- TestCases.AvoinSchoolTest -->
