<?xml version="1.0" encoding="UTF-8"?>
<!-- Generated by org.testng.reporters.JUnitReportReporter -->
<testsuite hostname="DESKTOP-L6OGJNQ" failures="0" tests="1" name="TestCases.Admin_To_Student_Messaging_Test" time="67.643" errors="0" timestamp="2025-04-03T00:08:51 IST" skipped="0">
  <testcase classname="TestCases.Admin_To_Student_Messaging_Test" name="createcategory" time="67.643"/>
</testsuite> <!-- TestCases.Admin_To_Student_Messaging_Test -->
