<?xml version="1.0" encoding="UTF-8"?>
<!-- Generated by org.testng.reporters.JUnitReportReporter -->
<testsuite hostname="DESKTOP-L6OGJNQ" failures="0" tests="8" name="TestCases.Admin_To_Student_Messaging_Test" time="443.640" errors="0" timestamp="2025-04-02T20:21:35 IST" skipped="0">
  <testcase classname="TestCases.Admin_To_Student_Messaging_Test" name="AdminMessaging" time="75.148"/>
  <testcase classname="TestCases.Admin_To_Student_Messaging_Test" name="coursepageverify" time="28.458"/>
  <testcase classname="TestCases.Admin_To_Student_Messaging_Test" name="dashboardverify" time="24.173"/>
  <testcase classname="TestCases.Admin_To_Student_Messaging_Test" name="Admin_Enroll_course" time="34.869"/>
  <testcase classname="TestCases.Admin_To_Student_Messaging_Test" name="createcategory" time="67.752"/>
  <testcase classname="TestCases.Admin_To_Student_Messaging_Test" name="DeletingStudentusingemailid" time="101.619"/>
  <testcase classname="TestCases.Admin_To_Student_Messaging_Test" name="deleteenrollment" time="42.019"/>
  <testcase classname="TestCases.Admin_To_Student_Messaging_Test" name="deleting_student" time="69.602"/>
</testsuite> <!-- TestCases.Admin_To_Student_Messaging_Test -->
