<?xml version="1.0" encoding="UTF-8"?>
<!-- Generated by org.testng.reporters.JUnitReportReporter -->
<testsuite hostname="DESKTOP-L6OGJNQ" failures="0" tests="1" name="testingloginlogout" time="28.608" errors="0" timestamp="2025-03-27T07:19:59 IST" skipped="0">
  <testcase classname="testingloginlogout" name="testing" time="28.608"/>
</testsuite> <!-- testingloginlogout -->
