<?xml version="1.0" encoding="UTF-8"?>
<!-- Generated by org.testng.reporters.JUnitXMLReporter -->
<testsuite ignored="4" hostname="DESKTOP-L6OGJNQ" failures="0" tests="4" name="Test-2" time="203.281" errors="0" timestamp="2025-04-02T20:20:43 IST">
  <testcase classname="TestCases.Admin_To_Student_Messaging_Test" name="DeletingStudentusingemailid" time="47.986"/>
  <testcase classname="TestCases.Admin_To_Student_Messaging_Test" name="deleteenrollment" time="15.268"/>
  <testcase classname="TestCases.Admin_To_Student_Messaging_Test" name="dashboardverify" time="0.704"/>
  <testcase classname="TestCases.Admin_To_Student_Messaging_Test" name="coursepageverify" time="1.49"/>
  <testcase classname="TestCases.Admin_To_Student_Messaging_Test" name="createcategory" time="0.0">
    <ignored/>
  </testcase> <!-- createcategory -->
  <testcase classname="TestCases.Admin_To_Student_Messaging_Test" name="deleting_student" time="0.0">
    <ignored/>
  </testcase> <!-- deleting_student -->
  <testcase classname="TestCases.Admin_To_Student_Messaging_Test" name="Admin_Enroll_course" time="0.0">
    <ignored/>
  </testcase> <!-- Admin_Enroll_course -->
  <testcase classname="TestCases.Admin_To_Student_Messaging_Test" name="AdminMessaging" time="0.0">
    <ignored/>
  </testcase> <!-- AdminMessaging -->
</testsuite> <!-- Test-2 -->
