<?xml version="1.0" encoding="UTF-8"?>
<!-- Generated by org.testng.reporters.JUnitXMLReporter -->
<testsuite ignored="4" hostname="DESKTOP-L6OGJNQ" failures="0" tests="4" name="Test-1" time="254.565" errors="0" timestamp="2025-04-02T20:21:34 IST">
  <testcase classname="TestCases.Admin_To_Student_Messaging_Test" name="AdminMessaging" time="15.164"/>
  <testcase classname="TestCases.Admin_To_Student_Messaging_Test" name="Admin_Enroll_course" time="11.365"/>
  <testcase classname="TestCases.Admin_To_Student_Messaging_Test" name="deleting_student" time="45.81"/>
  <testcase classname="TestCases.Admin_To_Student_Messaging_Test" name="createcategory" time="28.309"/>
  <testcase classname="TestCases.Admin_To_Student_Messaging_Test" name="coursepageverify" time="0.0">
    <ignored/>
  </testcase> <!-- coursepageverify -->
  <testcase classname="TestCases.Admin_To_Student_Messaging_Test" name="dashboardverify" time="0.0">
    <ignored/>
  </testcase> <!-- dashboardverify -->
  <testcase classname="TestCases.Admin_To_Student_Messaging_Test" name="deleteenrollment" time="0.0">
    <ignored/>
  </testcase> <!-- deleteenrollment -->
  <testcase classname="TestCases.Admin_To_Student_Messaging_Test" name="DeletingStudentusingemailid" time="0.0">
    <ignored/>
  </testcase> <!-- DeletingStudentusingemailid -->
</testsuite> <!-- Test-1 -->
